<?xml version="1.0" encoding="UTF-8"?>
<!-- Generated by org.testng.reporters.JUnitReportReporter -->
<testsuite hostname="DESKTOP-8S8SJ7F" failures="0" tests="4" name="TestCases.ParallelTest" time="108.439" errors="0" timestamp="2023-01-09T00:15:19 IST" skipped="0">
  <testcase classname="TestCases.ParallelTest" name="test3" time="20.137"/>
  <testcase classname="TestCases.ParallelTest" name="test1" time="29.511"/>
  <testcase classname="TestCases.ParallelTest" name="test4" time="12.288"/>
  <testcase classname="TestCases.ParallelTest" name="test2" time="46.503"/>
</testsuite> <!-- TestCases.ParallelTest -->
