<?xml version="1.0" encoding="UTF-8"?>
<!-- Generated by org.testng.reporters.JUnitReportReporter -->
<testsuite hostname="DESKTOP-8S8SJ7F" failures="0" tests="1" name="TestCases.CartPageTest" time="17.015" errors="0" timestamp="2023-01-01T16:38:51 IST" skipped="0">
  <testcase classname="TestCases.CartPageTest" name="VerifyCartpageUrlTest" time="17.015"/>
</testsuite> <!-- TestCases.CartPageTest -->
