<?xml version="1.0" encoding="UTF-8"?>
<!-- Generated by org.testng.reporters.JUnitReportReporter -->
<testsuite hostname="DESKTOP-8S8SJ7F" failures="0" tests="1" name="TestCases.CheckoutStepTest2" time="18.411" errors="0" timestamp="2023-01-02T16:35:41 IST" skipped="0">
  <testcase classname="TestCases.CheckoutStepTest2" name="VerifyCheckoutTwoTitleTest" time="18.411"/>
</testsuite> <!-- TestCases.CheckoutStepTest2 -->
