<?xml version="1.0" encoding="UTF-8"?>
<!-- Generated by org.testng.reporters.JUnitReportReporter -->
<testsuite hostname="DESKTOP-8S8SJ7F" failures="0" tests="1" name="TestCases.failedTest" time="11.212" errors="0" timestamp="2023-01-06T22:54:57 IST" skipped="0">
  <testcase classname="TestCases.failedTest" name="Test2" time="11.212"/>
</testsuite> <!-- TestCases.failedTest -->
