<?xml version="1.0" encoding="UTF-8"?>
<!-- Generated by org.testng.reporters.JUnitReportReporter -->
<testsuite hostname="DESKTOP-8S8SJ7F" failures="0" tests="6" name="TestCases.LoginPageTest" time="10.743" errors="0" timestamp="2023-01-05T23:21:56 IST" skipped="5">
  <testcase classname="TestCases.LoginPageTest" name="LoginAppTest" time="10.743"/>
  <testcase classname="TestCases.LoginPageTest" name="VerifyLoginLogoTest">
    <skipped/>
  </testcase> <!-- VerifyLoginLogoTest -->
  <testcase classname="TestCases.LoginPageTest" name="VerifyBotLogoTest">
    <skipped/>
  </testcase> <!-- VerifyBotLogoTest -->
  <testcase classname="TestCases.LoginPageTest" name="verifyTitleTest">
    <skipped/>
  </testcase> <!-- verifyTitleTest -->
  <testcase classname="TestCases.LoginPageTest" name="VerifyLabelOfInventryTest">
    <skipped/>
  </testcase> <!-- VerifyLabelOfInventryTest -->
  <testcase classname="TestCases.LoginPageTest" name="verifyCurrentUrlTest">
    <skipped/>
  </testcase> <!-- verifyCurrentUrlTest -->
</testsuite> <!-- TestCases.LoginPageTest -->
